<?xml version="1.0" encoding="UTF-8"?>
<!-- Generated by org.testng.reporters.JUnitReportReporter -->
<testsuite skipped="0" hostname="DESKTOP-8OKFALM" name="com.twitter.statuses.TwitterWorkflowTest" tests="3" failures="0" timestamp="29 Aug 2019 11:51:18 GMT" time="4.530" errors="0">
  <testcase name="postTweet" time="3.342" classname="com.twitter.statuses.TwitterWorkflowTest"/>
  <testcase name="deleteTweet" time="0.523" classname="com.twitter.statuses.TwitterWorkflowTest"/>
  <testcase name="readTweet" time="0.665" classname="com.twitter.statuses.TwitterWorkflowTest"/>
</testsuite> <!-- com.twitter.statuses.TwitterWorkflowTest -->
